<?xml version="1.0" encoding="UTF-8"?>
<!-- Generated by org.testng.reporters.JUnitReportReporter -->
<testsuite hostname="DESKTOP-CLJ89F1" failures="0" tests="3" name="LibraryAPI_DataParameterization" time="4.453" errors="0" timestamp="2026-07-20T10:41:42 IST" skipped="0">
  <testcase classname="LibraryAPI_DataParameterization" name="addBook" time="0.455"/>
  <testcase classname="LibraryAPI_DataParameterization" name="addBook" time="0.496"/>
  <testcase classname="LibraryAPI_DataParameterization" name="addBook" time="3.502"/>
</testsuite> <!-- LibraryAPI_DataParameterization -->
